<?xml version="1.0" encoding="UTF-8"?>
<testng-results ignored="0" total="1" passed="1" failed="0" skipped="0">
  <reporter-output>
  </reporter-output>
  <suite started-at="2024-03-31T20:30:09 IST" name="Default suite" finished-at="2024-03-31T20:30:14 IST" duration-ms="4735">
    <groups>
    </groups>
    <test started-at="2024-03-31T20:30:09 IST" name="Default test" finished-at="2024-03-31T20:30:14 IST" duration-ms="4735">
      <class name="Assertions.Create_Incident_With_File">
        <test-method signature="get_incident()[pri:0, instance:Assertions.Create_Incident_With_File@732c2a62]" started-at="2024-03-31T20:30:09 IST" name="get_incident" finished-at="2024-03-31T20:30:14 IST" duration-ms="4690" status="PASS">
          <reporter-output>
          </reporter-output>
        </test-method> <!-- get_incident -->
      </class> <!-- Assertions.Create_Incident_With_File -->
    </test> <!-- Default test -->
  </suite> <!-- Default suite -->
</testng-results>
